app/build/intermediates/manifest_merge_blame_file/debug/manifest-merger-blame-debug-report.txt
1<?xml version="1.0" encoding="utf-8"?>
2<manifest xmlns:android="http://schemas.android.com/apk/res/android"
3    package="com.johngoodstadt.freelancermanageimages"
4    android:versionCode="1"
5    android:versionName="1.0" >
6
7    <uses-sdk
8        android:minSdkVersion="19"
8-->src/main/AndroidManifest.xml
9        android:targetSdkVersion="29" />
9-->src/main/AndroidManifest.xml
10
11    <application
11-->src/main/AndroidManifest.xml:5:5-37:19
12        android:name="com.johngoodstadt.freelancermanageimages.MyApplication"
12-->src/main/AndroidManifest.xml:6:9-38
13        android:allowBackup="true"
13-->src/main/AndroidManifest.xml:7:9-35
14        android:appComponentFactory="androidx.core.app.CoreComponentFactory"
14-->[androidx.core:core:1.2.0] AndroidManifest.xml:24:18-86
15        android:debuggable="true"
16        android:icon="@mipmap/ic_launcher"
16-->src/main/AndroidManifest.xml:8:9-43
17        android:label="@string/app_name"
17-->src/main/AndroidManifest.xml:9:9-41
18        android:roundIcon="@mipmap/ic_launcher_round"
18-->src/main/AndroidManifest.xml:10:9-54
19        android:supportsRtl="true"
19-->src/main/AndroidManifest.xml:11:9-35
20        android:testOnly="true"
21        android:theme="@style/AppTheme" >
21-->src/main/AndroidManifest.xml:12:9-40
22        <activity
22-->src/main/AndroidManifest.xml:13:9-16:59
23            android:name="com.johngoodstadt.freelancermanageimages.ManageImagesActivity"
23-->src/main/AndroidManifest.xml:14:13-49
24            android:label="@string/title_activity_manage_images"
24-->src/main/AndroidManifest.xml:15:13-65
25            android:theme="@style/AppTheme.NoActionBar" />
25-->src/main/AndroidManifest.xml:16:13-56
26        <!-- <activity android:name=".MainActivity"> -->
27        <activity android:name="com.johngoodstadt.freelancermanageimages.MutableCollectionViewActivity" >
27-->src/main/AndroidManifest.xml:18:9-24:20
27-->src/main/AndroidManifest.xml:18:19-64
28            <intent-filter>
28-->src/main/AndroidManifest.xml:19:13-23:29
29                <action android:name="android.intent.action.MAIN" />
29-->src/main/AndroidManifest.xml:20:17-69
29-->src/main/AndroidManifest.xml:20:25-66
30
31                <category android:name="android.intent.category.LAUNCHER" />
31-->src/main/AndroidManifest.xml:22:17-77
31-->src/main/AndroidManifest.xml:22:27-74
32            </intent-filter>
33        </activity>
34        <activity
34-->src/main/AndroidManifest.xml:25:9-27:59
35            android:name="com.theartofdev.edmodo.cropper.CropImageActivity"
35-->src/main/AndroidManifest.xml:26:13-76
36            android:theme="@style/Base.Theme.AppCompat" />
36-->src/main/AndroidManifest.xml:27:13-56
37        <activity android:name="com.johngoodstadt.freelancermanageimages.MainActivity" >
37-->src/main/AndroidManifest.xml:29:9-35:20
37-->src/main/AndroidManifest.xml:29:19-47
38
39            <!-- <activity android:name=".MutableCollectionViewActivity"> -->
40            <intent-filter>
40-->src/main/AndroidManifest.xml:31:13-34:29
41                <action android:name="android.intent.action.MAIN" />
41-->src/main/AndroidManifest.xml:20:17-69
41-->src/main/AndroidManifest.xml:20:25-66
42
43                <category android:name="android.intent.category.SAMPLE_CODE" />
43-->src/main/AndroidManifest.xml:33:17-79
43-->src/main/AndroidManifest.xml:33:27-77
44            </intent-filter>
45        </activity>
46    </application>
47
48</manifest>